#
# There is insufficient memory for the Java Runtime Environment to continue.
# Native memory allocation (malloc) failed to allocate 1048576 bytes for AllocateHeap
# Possible reasons:
#   The system is out of physical RAM or swap space
#   In 32 bit mode, the process size limit was hit
# Possible solutions:
#   Reduce memory load on the system
#   Increase physical memory or swap space
#   Check if swap backing store is full
#   Use 64 bit Java on a 64 bit OS
#   Decrease Java heap size (-Xmx/-Xms)
#   Decrease number of Java threads
#   Decrease Java thread stack sizes (-Xss)
#   Set larger code cache with -XX:ReservedCodeCacheSize=
# This output file may be truncated or incomplete.
#
#  Out of Memory Error (memory/allocation.inline.hpp:61), pid=29028, tid=0x0000000000008a5c
#
# JRE version:  (8.0_111-b14) (build )
# Java VM: Java HotSpot(TM) 64-Bit Server VM (25.111-b14 mixed mode windows-amd64 compressed oops)
# Failed to write core dump. Minidumps are not enabled by default on client versions of Windows
#

---------------  T H R E A D  ---------------

Current thread (0x0000000002a50800):  JavaThread "Unknown thread" [_thread_in_vm, id=35420, stack(0x0000000002920000,0x0000000002a20000)]

Stack: [0x0000000002920000,0x0000000002a20000]
[error occurred during error reporting (printing stack bounds), id 0xc0000005]

Native frames: (J=compiled Java code, j=interpreted, Vv=VM code, C=native code)


---------------  P R O C E S S  ---------------

Java Threads: ( => current thread )

Other Threads:

=>0x0000000002a50800 (exited) JavaThread "Unknown thread" [_thread_in_vm, id=35420, stack(0x0000000002920000,0x0000000002a20000)]

VM state:not at safepoint (normal execution)

VM Mutex/Monitor currently owned by a thread: None

Heap:
 PSYoungGen      total 38400K, used 665K [0x00000000d5e00000, 0x00000000d8880000, 0x0000000100000000)
  eden space 33280K, 2% used [0x00000000d5e00000,0x00000000d5ea6670,0x00000000d7e80000)
  from space 5120K, 0% used [0x00000000d8380000,0x00000000d8380000,0x00000000d8880000)
  to   space 5120K, 0% used [0x00000000d7e80000,0x00000000d7e80000,0x00000000d8380000)
 ParOldGen       total 87552K, used 0K [0x0000000081a00000, 0x0000000086f80000, 0x00000000d5e00000)
  object space 87552K, 0% used [0x0000000081a00000,0x0000000081a00000,0x0000000086f80000)
 Metaspace       used 770K, capacity 4480K, committed 4480K, reserved 1056768K
  class space    used 75K, capacity 384K, committed 384K, reserved 1048576K

Card table byte_map: [0x0000000011f10000,0x0000000012310000] byte_map_base: 0x0000000011b03000

Marking Bits: (ParMarkBitMap*) 0x0000000052bfa6c0
 Begin Bits: [0x0000000012dc0000, 0x0000000014d58000)
 End Bits:   [0x0000000014d58000, 0x0000000016cf0000)

Polling page: 0x0000000001250000

CodeCache: size=245760Kb used=328Kb max_used=328Kb free=245431Kb
 bounds [0x0000000002b50000, 0x0000000002dc0000, 0x0000000011b50000]
 total_blobs=58 nmethods=0 adapters=38
 compilation: enabled

Compilation events (0 events):
No events

GC Heap History (0 events):
No events

Deoptimization events (0 events):
No events

Internal exceptions (0 events):
No events

Events (10 events):
Event: 0.036 loading class java/lang/Short
Event: 0.036 loading class java/lang/Short done
Event: 0.036 loading class java/lang/Integer
Event: 0.036 loading class java/lang/Integer done
Event: 0.036 loading class java/lang/Long
Event: 0.037 loading class java/lang/Long done
Event: 0.037 loading class java/lang/NullPointerException
Event: 0.037 loading class java/lang/NullPointerException done
Event: 0.037 loading class java/lang/ArithmeticException
Event: 0.037 loading class java/lang/ArithmeticException done


Dynamic libraries:
0x00007ff6b61a0000 - 0x00007ff6b61d7000 	C:\Program Files\Java\jdk1.8.0_111\bin\java.exe
0x00007ff968130000 - 0x00007ff968344000 	C:\WINDOWS\SYSTEM32\ntdll.dll
0x00007ff967480000 - 0x00007ff967542000 	C:\WINDOWS\System32\KERNEL32.DLL
0x00007ff965830000 - 0x00007ff965bce000 	C:\WINDOWS\System32\KERNELBASE.dll
0x00007ff967da0000 - 0x00007ff967e4e000 	C:\WINDOWS\System32\ADVAPI32.dll
0x00007ff966150000 - 0x00007ff9661f7000 	C:\WINDOWS\System32\msvcrt.dll
0x00007ff967650000 - 0x00007ff9676f4000 	C:\WINDOWS\System32\sechost.dll
0x00007ff966690000 - 0x00007ff9667a7000 	C:\WINDOWS\System32\RPCRT4.dll
0x00007ff9667b0000 - 0x00007ff96695b000 	C:\WINDOWS\System32\USER32.dll
0x00007ff965800000 - 0x00007ff965826000 	C:\WINDOWS\System32\win32u.dll
0x00007ff967260000 - 0x00007ff967289000 	C:\WINDOWS\System32\GDI32.dll
0x00007ff965e10000 - 0x00007ff965f21000 	C:\WINDOWS\System32\gdi32full.dll
0x00007ff965bd0000 - 0x00007ff965c6a000 	C:\WINDOWS\System32\msvcp_win.dll
0x00007ff965cf0000 - 0x00007ff965e01000 	C:\WINDOWS\System32\ucrtbase.dll
0x00007ff9428b0000 - 0x00007ff942b3e000 	C:\WINDOWS\WinSxS\amd64_microsoft.windows.common-controls_6595b64144ccf1df_6.0.25126.1000_none_78c64f3cdbc202f1\COMCTL32.dll
0x00007ff967700000 - 0x00007ff967731000 	C:\WINDOWS\System32\IMM32.DLL
0x00000000531c0000 - 0x0000000053292000 	C:\Program Files\Java\jdk1.8.0_111\jre\bin\msvcr100.dll
0x00000000523e0000 - 0x0000000052c7a000 	C:\Program Files\Java\jdk1.8.0_111\jre\bin\server\jvm.dll
0x00007ff967bc0000 - 0x00007ff967bc8000 	C:\WINDOWS\System32\PSAPI.DLL
0x00007ff95e9a0000 - 0x00007ff95e9d4000 	C:\WINDOWS\SYSTEM32\WINMM.dll
0x00007ff95de40000 - 0x00007ff95de4a000 	C:\WINDOWS\SYSTEM32\VERSION.dll
0x00007ff95fbe0000 - 0x00007ff95fbe9000 	C:\WINDOWS\SYSTEM32\WSOCK32.dll
0x00007ff967290000 - 0x00007ff967301000 	C:\WINDOWS\System32\WS2_32.dll
0x0000000053160000 - 0x000000005316f000 	C:\Program Files\Java\jdk1.8.0_111\jre\bin\verify.dll
0x0000000053130000 - 0x0000000053159000 	C:\Program Files\Java\jdk1.8.0_111\jre\bin\java.dll
0x0000000053110000 - 0x0000000053126000 	C:\Program Files\Java\jdk1.8.0_111\jre\bin\zip.dll

VM Arguments:
jvm_args: -Dfile.encoding=UTF-8 
java_command: calculator_app.Calculator
java_class_path (initial): G:\Java\Calculator_app\build\classes
Launcher Type: SUN_STANDARD

Environment Variables:
JAVA_HOME=C:\jdk-18.0.1.1
PATH=C:\ProgramData\Oracle\Java\javapath;C:\Program Files (x86)\Common Files\Oracle\Java\javapath;C:\Windows\system32;C:\Windows;C:\Windows\System32\Wbem;C:\Windows\System32\WindowsPowerShell\v1.0\;C:\Windows\System32\OpenSSH\;C:\Program Files (x86)\NVIDIA Corporation\PhysX\Common;C:\Program Files\NVIDIA Corporation\NVIDIA NvDLISR;C:\Program Files\Git\cmd;C:\WINDOWS\system32;C:\WINDOWS;C:\WINDOWS\System32\Wbem;C:\WINDOWS\System32\WindowsPowerShell\v1.0\;C:\WINDOWS\System32\OpenSSH\;C:\jdk-18.0.1.1\bin;C:\Program Files\Microsoft SQL Server\Client SDK\ODBC\170\Tools\Binn\;C:\Program Files (x86)\Microsoft SQL Server\150\Tools\Binn\;C:\Program Files\Microsoft SQL Server\150\Tools\Binn\;C:\Program Files\Microsoft SQL Server\150\DTS\Binn\;C:\Program Files (x86)\Microsoft SQL Server\150\DTS\Binn\;C:\Program Files\Azure Data Studio\bin;C:\Users\User\AppData\Local\Programs\Python\Python310;C:\Users\User\AppData\Local\Programs\Python\Python310\Scripts;C:\Program Files\MySQL\MySQL Shell 8.0\bin\;C:\Users\User\AppData\Local\Microsoft\WindowsApps;G:\Development\flutter\bin;C:\Android\platform-tools;;C:\Program Files\Azure Data Studio\bin;
USERNAME=User
OS=Windows_NT
PROCESSOR_IDENTIFIER=Intel64 Family 6 Model 142 Stepping 10, GenuineIntel



---------------  S Y S T E M  ---------------

OS: Windows 10.0 , 64 bit Build 25126 (10.0.25126.1000)

CPU:total 8 (4 cores per cpu, 2 threads per core) family 6 model 142 stepping 10, cmov, cx8, fxsr, mmx, sse, sse2, sse3, ssse3, sse4.1, sse4.2, popcnt, avx, avx2, aes, clmul, erms, 3dnowpref, lzcnt, ht, tsc, tscinvbit, bmi1, bmi2, adx

Memory: 4k page, physical 8277204k(777688k free), swap 22801176k(5624k free)

vm_info: Java HotSpot(TM) 64-Bit Server VM (25.111-b14) for windows-amd64 JRE (1.8.0_111-b14), built on Sep 22 2016 19:24:05 by "java_re" with MS VC++ 10.0 (VS2010)

time: Thu Jun 02 00:40:25 2022
elapsed time: 0 seconds (0d 0h 0m 0s)

